[1] Обрабатываю: speaker='Никита', painting='Фермерша'
[1] ✅ Готово
[2] Обрабатываю: speaker='Алиса', painting='Фермерша'
[2] ✅ Готово
[3] Обрабатываю: speaker='Даниела', painting='Фермерша'
[3] ✅ Готово
[4] Обрабатываю: speaker='Арина Т', painting='Фермерша'
[4] ✅ Готово
[5] Обрабатываю: speaker='Алёна Л', painting='Фермерша'
[5] ✅ Готово
[6] Обрабатываю: speaker='Кречка', painting='Фермерша'
[6] ✅ Готово
[7] Обрабатываю: speaker='Даниил', painting='Фермерша'
[7] ✅ Готово
[8] Обрабатываю: speaker='Варя', painting='Фермерша'
[8] ✅ Готово
[9] Обрабатываю: speaker='Игорь', painting='Фермерша'
[9] ✅ Готово
[10] Обрабатываю: speaker='Мария Сергеева', painting='Фермерша'
[10] ✅ Готово
[11] Обрабатываю: speaker='Ксюша', painting='Фермерша'
[11] ✅ Готово
[12] Обрабатываю: speaker='Михаил', painting='Фермерша'
[12] ✅ Готово
[13] Обрабатываю: speaker='Ильдар', painting='Фермерша'
[13] ✅ Готово
[14] Обрабатываю: speaker='Арина Б', painting='Фермерша'
[14] ✅ Готово
[15] Обрабатываю: speaker='Миша', painting='Фермерша'
[15] ✅ Готово
[16] Обрабатываю: speaker='Полина', painting='Фермерша'
[16] ✅ Готово
[17] Обрабатываю: speaker='Катя Ш.', painting='Фермерша'
[17] ✅ Готово
[18] Обрабатываю: speaker='Катя', painting='Фермерша'
[18] ✅ Готово
[19] Обрабатываю: speaker='Лиза', painting='Фермерша'
[19] ✅ Готово
[20] Обрабатываю: speaker='Крис', painting='Фермерша'
[20] ✅ Готово
[21] Обрабатываю: speaker='Алина', painting='Фермерша'
[21] ✅ Готово
[22] Обрабатываю: speaker='Ксеша', painting='Фермерша'
[22] ✅ Готово
[23] Обрабатываю: speaker='Ульяна', painting='Фермерша'
[23] ✅ Готово
[24] Обрабатываю: speaker='Катюшка', painting='Фермерша'
[24] ✅ Готово
[25] Обрабатываю: speaker='Юлия', painting='Фермерша'
[25] ✅ Готово
[26] Обрабатываю: speaker='Алина П', painting='Фермерша'
[26] ✅ Готово
[27] Обрабатываю: speaker='Валерия', painting='Фермерша'
[27] ✅ Готово
[28] Обрабатываю: speaker='Игорёк', painting='Фермерша'
[28] ✅ Готово
[29] Обрабатываю: speaker='АлинаОбщ', painting='Фермерша'
[29] ✅ Готово
[30] Обрабатываю: speaker='Серёжа', painting='Фермерша'
[30] ✅ Готово
